<?xml version="1.0" encoding="UTF-8"?>
<!-- Generated by org.testng.reporters.JUnitXMLReporter -->
<testsuite ignored="0" hostname="DESKTOP-QQM6R3S" failures="0" tests="2" name="NegativeLoginTest" time="3.583" errors="0" timestamp="2019-12-18T12:19:36 EST">
  <testcase classname="com.packt.base.BaseTest" name="@BeforeMethod setUp" time="2.055">
    <failure type="org.openqa.selenium.SessionNotCreatedException" message="session not created: This version of ChromeDriver only supports Chrome version 76
Build info: version: &amp;apos;4.0.0-alpha-2&amp;apos;, revision: &amp;apos;f148142cf8&amp;apos;, time: &amp;apos;2019-07-01T20:55:26&amp;apos;
System info: host: &amp;apos;DESKTOP-QQM6R3S&amp;apos;, ip: &amp;apos;192.168.1.7&amp;apos;, os.name: &amp;apos;Windows 10&amp;apos;, os.arch: &amp;apos;amd64&amp;apos;, os.version: &amp;apos;10.0&amp;apos;, java.version: &amp;apos;12.0.2&amp;apos;
Driver info: driver.version: ChromeDriver
remote stacktrace: Backtrace:
	Ordinal0 [0x00AE7C93+1473683]
	Ordinal0 [0x00A6ADB1+961969]
	Ordinal0 [0x009F42E3+475875]
	Ordinal0 [0x0098F365+62309]
	Ordinal0 [0x0098BC77+48247]
	Ordinal0 [0x009A9149+168265]
	Ordinal0 [0x009A8D1D+167197]
	Ordinal0 [0x009A742B+160811]
	Ordinal0 [0x00990AE6+68326]
	Ordinal0 [0x00991BF0+72688]
	Ordinal0 [0x00991B89+72585]
	Ordinal0 [0x00A84B77+1067895]
	GetHandleVerifier [0x00B86875+506677]
	GetHandleVerifier [0x00B86610+506064]
	GetHandleVerifier [0x00B8D1B8+533624]
	GetHandleVerifier [0x00B8704A+508682]
	Ordinal0 [0x00A7C266+1032806]
	Ordinal0 [0x00A7C0DF+1032415]
	Ordinal0 [0x00A86A8B+1075851]
	Ordinal0 [0x00A86BF3+1076211]
	Ordinal0 [0x00A85BA5+1072037]
	BaseThreadInitThunk [0x76916359+25]
	RtlGetAppContainerNamedObjectPath [0x77EC7B74+228]
	RtlGetAppContainerNamedObjectPath [0x77EC7B44+180]
">
      <![CDATA[org.openqa.selenium.SessionNotCreatedException: session not created: This version of ChromeDriver only supports Chrome version 76
Build info: version: '4.0.0-alpha-2', revision: 'f148142cf8', time: '2019-07-01T20:55:26'
System info: host: 'DESKTOP-QQM6R3S', ip: '192.168.1.7', os.name: 'Windows 10', os.arch: 'amd64', os.version: '10.0', java.version: '12.0.2'
Driver info: driver.version: ChromeDriver
remote stacktrace: Backtrace:
Ordinal0 [0x00AE7C93+1473683]
Ordinal0 [0x00A6ADB1+961969]
Ordinal0 [0x009F42E3+475875]
Ordinal0 [0x0098F365+62309]
Ordinal0 [0x0098BC77+48247]
Ordinal0 [0x009A9149+168265]
Ordinal0 [0x009A8D1D+167197]
Ordinal0 [0x009A742B+160811]
Ordinal0 [0x00990AE6+68326]
Ordinal0 [0x00991BF0+72688]
Ordinal0 [0x00991B89+72585]
Ordinal0 [0x00A84B77+1067895]
GetHandleVerifier [0x00B86875+506677]
GetHandleVerifier [0x00B86610+506064]
GetHandleVerifier [0x00B8D1B8+533624]
GetHandleVerifier [0x00B8704A+508682]
Ordinal0 [0x00A7C266+1032806]
Ordinal0 [0x00A7C0DF+1032415]
Ordinal0 [0x00A86A8B+1075851]
Ordinal0 [0x00A86BF3+1076211]
Ordinal0 [0x00A85BA5+1072037]
BaseThreadInitThunk [0x76916359+25]
RtlGetAppContainerNamedObjectPath [0x77EC7B74+228]
RtlGetAppContainerNamedObjectPath [0x77EC7B44+180]

at org.openqa.selenium.remote.W3CHandshakeResponse.lambda$errorHandler$0(W3CHandshakeResponse.java:62)
at org.openqa.selenium.remote.HandshakeResponse.lambda$getResponseFunction$0(HandshakeResponse.java:30)
at org.openqa.selenium.remote.ProtocolHandshake.lambda$createSession$1(ProtocolHandshake.java:127)
at java.base/java.util.stream.ReferencePipeline$3$1.accept(ReferencePipeline.java:195)
at java.base/java.util.Spliterators$ArraySpliterator.tryAdvance(Spliterators.java:958)
at java.base/java.util.stream.ReferencePipeline.forEachWithCancel(ReferencePipeline.java:127)
at java.base/java.util.stream.AbstractPipeline.copyIntoWithCancel(AbstractPipeline.java:502)
at java.base/java.util.stream.AbstractPipeline.copyInto(AbstractPipeline.java:488)
at java.base/java.util.stream.AbstractPipeline.wrapAndCopyInto(AbstractPipeline.java:474)
at java.base/java.util.stream.FindOps$FindOp.evaluateSequential(FindOps.java:150)
at java.base/java.util.stream.AbstractPipeline.evaluate(AbstractPipeline.java:234)
at java.base/java.util.stream.ReferencePipeline.findFirst(ReferencePipeline.java:543)
at org.openqa.selenium.remote.ProtocolHandshake.createSession(ProtocolHandshake.java:129)
at org.openqa.selenium.remote.ProtocolHandshake.createSession(ProtocolHandshake.java:75)
at org.openqa.selenium.remote.HttpCommandExecutor.execute(HttpCommandExecutor.java:139)
at org.openqa.selenium.remote.service.DriverCommandExecutor.execute(DriverCommandExecutor.java:83)
at org.openqa.selenium.remote.RemoteWebDriver.execute(RemoteWebDriver.java:576)
at org.openqa.selenium.remote.RemoteWebDriver.startSession(RemoteWebDriver.java:210)
at org.openqa.selenium.remote.RemoteWebDriver.<init>(RemoteWebDriver.java:130)
at org.openqa.selenium.chromium.ChromiumDriver.<init>(ChromiumDriver.java:73)
at org.openqa.selenium.chrome.ChromeDriver.<init>(ChromeDriver.java:163)
at org.openqa.selenium.chrome.ChromeDriver.<init>(ChromeDriver.java:150)
at org.openqa.selenium.chrome.ChromeDriver.<init>(ChromeDriver.java:105)
at com.packt.base.BaseTest.setUp(BaseTest.java:23)
at java.base/java.util.ArrayList.forEach(ArrayList.java:1540)
... Removed 36 stack frames]]>
    </failure>
  </testcase> <!-- @BeforeMethod setUp -->
  <testcase classname="com.packt.base.BaseTest" name="@AfterMethod tearDown" time="0.014">
    <failure type="java.lang.NullPointerException">
      <![CDATA[java.lang.NullPointerException
at com.packt.base.BaseTest.tearDown(BaseTest.java:30)
at java.base/java.util.ArrayList.forEach(ArrayList.java:1540)
... Removed 32 stack frames]]>
    </failure>
  </testcase> <!-- @AfterMethod tearDown -->
  <testcase classname="com.packt.base.BaseTest" name="@BeforeMethod setUp" time="1.421">
    <failure type="org.openqa.selenium.SessionNotCreatedException" message="session not created: This version of ChromeDriver only supports Chrome version 76
Build info: version: &amp;apos;4.0.0-alpha-2&amp;apos;, revision: &amp;apos;f148142cf8&amp;apos;, time: &amp;apos;2019-07-01T20:55:26&amp;apos;
System info: host: &amp;apos;DESKTOP-QQM6R3S&amp;apos;, ip: &amp;apos;192.168.1.7&amp;apos;, os.name: &amp;apos;Windows 10&amp;apos;, os.arch: &amp;apos;amd64&amp;apos;, os.version: &amp;apos;10.0&amp;apos;, java.version: &amp;apos;12.0.2&amp;apos;
Driver info: driver.version: ChromeDriver
remote stacktrace: Backtrace:
	Ordinal0 [0x00AE7C93+1473683]
	Ordinal0 [0x00A6ADB1+961969]
	Ordinal0 [0x009F42E3+475875]
	Ordinal0 [0x0098F365+62309]
	Ordinal0 [0x0098BC77+48247]
	Ordinal0 [0x009A9149+168265]
	Ordinal0 [0x009A8D1D+167197]
	Ordinal0 [0x009A742B+160811]
	Ordinal0 [0x00990AE6+68326]
	Ordinal0 [0x00991BF0+72688]
	Ordinal0 [0x00991B89+72585]
	Ordinal0 [0x00A84B77+1067895]
	GetHandleVerifier [0x00B86875+506677]
	GetHandleVerifier [0x00B86610+506064]
	GetHandleVerifier [0x00B8D1B8+533624]
	GetHandleVerifier [0x00B8704A+508682]
	Ordinal0 [0x00A7C266+1032806]
	Ordinal0 [0x00A7C0DF+1032415]
	Ordinal0 [0x00A86A8B+1075851]
	Ordinal0 [0x00A86BF3+1076211]
	Ordinal0 [0x00A85BA5+1072037]
	BaseThreadInitThunk [0x76916359+25]
	RtlGetAppContainerNamedObjectPath [0x77EC7B74+228]
	RtlGetAppContainerNamedObjectPath [0x77EC7B44+180]
">
      <![CDATA[org.openqa.selenium.SessionNotCreatedException: session not created: This version of ChromeDriver only supports Chrome version 76
Build info: version: '4.0.0-alpha-2', revision: 'f148142cf8', time: '2019-07-01T20:55:26'
System info: host: 'DESKTOP-QQM6R3S', ip: '192.168.1.7', os.name: 'Windows 10', os.arch: 'amd64', os.version: '10.0', java.version: '12.0.2'
Driver info: driver.version: ChromeDriver
remote stacktrace: Backtrace:
Ordinal0 [0x00AE7C93+1473683]
Ordinal0 [0x00A6ADB1+961969]
Ordinal0 [0x009F42E3+475875]
Ordinal0 [0x0098F365+62309]
Ordinal0 [0x0098BC77+48247]
Ordinal0 [0x009A9149+168265]
Ordinal0 [0x009A8D1D+167197]
Ordinal0 [0x009A742B+160811]
Ordinal0 [0x00990AE6+68326]
Ordinal0 [0x00991BF0+72688]
Ordinal0 [0x00991B89+72585]
Ordinal0 [0x00A84B77+1067895]
GetHandleVerifier [0x00B86875+506677]
GetHandleVerifier [0x00B86610+506064]
GetHandleVerifier [0x00B8D1B8+533624]
GetHandleVerifier [0x00B8704A+508682]
Ordinal0 [0x00A7C266+1032806]
Ordinal0 [0x00A7C0DF+1032415]
Ordinal0 [0x00A86A8B+1075851]
Ordinal0 [0x00A86BF3+1076211]
Ordinal0 [0x00A85BA5+1072037]
BaseThreadInitThunk [0x76916359+25]
RtlGetAppContainerNamedObjectPath [0x77EC7B74+228]
RtlGetAppContainerNamedObjectPath [0x77EC7B44+180]

at org.openqa.selenium.remote.W3CHandshakeResponse.lambda$errorHandler$0(W3CHandshakeResponse.java:62)
at org.openqa.selenium.remote.HandshakeResponse.lambda$getResponseFunction$0(HandshakeResponse.java:30)
at org.openqa.selenium.remote.ProtocolHandshake.lambda$createSession$1(ProtocolHandshake.java:127)
at java.base/java.util.stream.ReferencePipeline$3$1.accept(ReferencePipeline.java:195)
at java.base/java.util.Spliterators$ArraySpliterator.tryAdvance(Spliterators.java:958)
at java.base/java.util.stream.ReferencePipeline.forEachWithCancel(ReferencePipeline.java:127)
at java.base/java.util.stream.AbstractPipeline.copyIntoWithCancel(AbstractPipeline.java:502)
at java.base/java.util.stream.AbstractPipeline.copyInto(AbstractPipeline.java:488)
at java.base/java.util.stream.AbstractPipeline.wrapAndCopyInto(AbstractPipeline.java:474)
at java.base/java.util.stream.FindOps$FindOp.evaluateSequential(FindOps.java:150)
at java.base/java.util.stream.AbstractPipeline.evaluate(AbstractPipeline.java:234)
at java.base/java.util.stream.ReferencePipeline.findFirst(ReferencePipeline.java:543)
at org.openqa.selenium.remote.ProtocolHandshake.createSession(ProtocolHandshake.java:129)
at org.openqa.selenium.remote.ProtocolHandshake.createSession(ProtocolHandshake.java:75)
at org.openqa.selenium.remote.HttpCommandExecutor.execute(HttpCommandExecutor.java:139)
at org.openqa.selenium.remote.service.DriverCommandExecutor.execute(DriverCommandExecutor.java:83)
at org.openqa.selenium.remote.RemoteWebDriver.execute(RemoteWebDriver.java:576)
at org.openqa.selenium.remote.RemoteWebDriver.startSession(RemoteWebDriver.java:210)
at org.openqa.selenium.remote.RemoteWebDriver.<init>(RemoteWebDriver.java:130)
at org.openqa.selenium.chromium.ChromiumDriver.<init>(ChromiumDriver.java:73)
at org.openqa.selenium.chrome.ChromeDriver.<init>(ChromeDriver.java:163)
at org.openqa.selenium.chrome.ChromeDriver.<init>(ChromeDriver.java:150)
at org.openqa.selenium.chrome.ChromeDriver.<init>(ChromeDriver.java:105)
at com.packt.base.BaseTest.setUp(BaseTest.java:23)
at java.base/java.util.ArrayList.forEach(ArrayList.java:1540)
... Removed 36 stack frames]]>
    </failure>
  </testcase> <!-- @BeforeMethod setUp -->
  <testcase classname="com.packt.base.BaseTest" name="@AfterMethod tearDown" time="0.0">
    <failure type="java.lang.NullPointerException">
      <![CDATA[java.lang.NullPointerException
at com.packt.base.BaseTest.tearDown(BaseTest.java:30)
at java.base/java.util.ArrayList.forEach(ArrayList.java:1540)
... Removed 32 stack frames]]>
    </failure>
  </testcase> <!-- @AfterMethod tearDown -->
  <testcase classname="com.packt.tests.FirstTest" name="negativeLoginTest" time="0.0">
    <skipped/>
  </testcase> <!-- negativeLoginTest -->
  <testcase classname="com.packt.tests.FirstTest" name="negativeLoginTest" time="0.0">
    <skipped/>
  </testcase> <!-- negativeLoginTest -->
</testsuite> <!-- NegativeLoginTest -->
